[35m[1mConsolidate compiler generated dependencies of target force_land[0m
[ 50%] [32mBuilding CXX object CMakeFiles/force_land.dir/src/force_land_node.cpp.o[0m
[01m[K/home/telemaque/Robotics_Lab/ros2_ws/force_land/src/force_land_node.cpp:3:10:[m[K [01;31m[Kfatal error: [m[Kpx4_msgs/msg/vehicle_local_position_v1.hpp: Aucun fichier ou dossier de ce nom
    3 | #include [01;31m[K<px4_msgs/msg/vehicle_local_position_v1.hpp>[m[K
      |          [01;31m[K^~~~~~~~~~~~~~~~~~~~~~~~~~~~~~~~~~~~~~~~~~~~[m[K
compilation terminated.
gmake[2]: *** [CMakeFiles/force_land.dir/build.make:76 : CMakeFiles/force_land.dir/src/force_land_node.cpp.o] Erreur 1
gmake[1]: *** [CMakeFiles/Makefile2:137 : CMakeFiles/force_land.dir/all] Erreur 2
gmake: *** [Makefile:146 : all] Erreur 2
