[0.011s] Invoking command in '/home/telemaque/Robotics_Lab/ros2_ws/build/force_land': CMAKE_PREFIX_PATH=/home/telemaque/Robotics_Lab/ros2_ws/install/px4_msgs:/home/telemaque/Robotics_Lab/ros2_ws/install/force_land:/opt/ros/humble /usr/bin/cmake --build /home/telemaque/Robotics_Lab/ros2_ws/build/force_land -- -j12 -l12
[0.047s] [35m[1mConsolidate compiler generated dependencies of target force_land[0m
[0.064s] [ 50%] [32mBuilding CXX object CMakeFiles/force_land.dir/src/force_land_node.cpp.o[0m
[0.227s] [01m[K/home/telemaque/Robotics_Lab/ros2_ws/force_land/src/force_land_node.cpp:3:10:[m[K [01;31m[Kfatal error: [m[Kpx4_msgs/msg/vehicle_local_position_v1.hpp: Aucun fichier ou dossier de ce nom
[0.227s]     3 | #include [01;31m[K<px4_msgs/msg/vehicle_local_position_v1.hpp>[m[K
[0.227s]       |          [01;31m[K^~~~~~~~~~~~~~~~~~~~~~~~~~~~~~~~~~~~~~~~~~~~[m[K
[0.227s] compilation terminated.
[0.230s] gmake[2]: *** [CMakeFiles/force_land.dir/build.make:76 : CMakeFiles/force_land.dir/src/force_land_node.cpp.o] Erreur 1
[0.230s] gmake[1]: *** [CMakeFiles/Makefile2:137 : CMakeFiles/force_land.dir/all] Erreur 2
[0.230s] gmake: *** [Makefile:146 : all] Erreur 2
[0.232s] Invoked command in '/home/telemaque/Robotics_Lab/ros2_ws/build/force_land' returned '2': CMAKE_PREFIX_PATH=/home/telemaque/Robotics_Lab/ros2_ws/install/px4_msgs:/home/telemaque/Robotics_Lab/ros2_ws/install/force_land:/opt/ros/humble /usr/bin/cmake --build /home/telemaque/Robotics_Lab/ros2_ws/build/force_land -- -j12 -l12
